<?xml version="1.0" encoding="UTF-8"?>
<testng-results skipped="0" failed="0" total="4" passed="4">
  <reporter-output>
  </reporter-output>
  <suite name="Default suite" duration-ms="38465" started-at="2022-09-12T08:00:27Z" finished-at="2022-09-12T08:01:06Z">
    <groups>
    </groups>
    <test name="Default test" duration-ms="38465" started-at="2022-09-12T08:00:27Z" finished-at="2022-09-12T08:01:06Z">
      <class name="org.testing.DataProvide">
        <test-method status="PASS" signature="browserLaunch()[pri:0, instance:org.testing.DataProvide@77caeb3e]" name="browserLaunch" is-config="true" duration-ms="2689" started-at="2022-09-12T13:30:27Z" finished-at="2022-09-12T13:30:30Z">
          <reporter-output>
          </reporter-output>
        </test-method> <!-- browserLaunch -->
        <test-method status="PASS" signature="startTime()[pri:0, instance:org.testing.DataProvide@77caeb3e]" name="startTime" is-config="true" duration-ms="6536" started-at="2022-09-12T13:30:31Z" finished-at="2022-09-12T13:30:37Z">
          <reporter-output>
          </reporter-output>
        </test-method> <!-- startTime -->
        <test-method status="PASS" signature="tc1(java.lang.String, java.lang.String)[pri:-1, instance:org.testing.DataProvide@77caeb3e]" name="tc1" duration-ms="2383" started-at="2022-09-12T13:30:37Z" data-provider="login" finished-at="2022-09-12T13:30:40Z">
          <params>
            <param index="0">
              <value>
                <![CDATA[Prasanth]]>
              </value>
            </param>
            <param index="1">
              <value>
                <![CDATA[Trichy]]>
              </value>
            </param>
          </params>
          <reporter-output>
          </reporter-output>
        </test-method> <!-- tc1 -->
        <test-method status="PASS" signature="endTime()[pri:0, instance:org.testing.DataProvide@77caeb3e]" name="endTime" is-config="true" duration-ms="0" started-at="2022-09-12T13:30:40Z" finished-at="2022-09-12T13:30:40Z">
          <reporter-output>
          </reporter-output>
        </test-method> <!-- endTime -->
        <test-method status="PASS" signature="startTime()[pri:0, instance:org.testing.DataProvide@77caeb3e]" name="startTime" is-config="true" duration-ms="5468" started-at="2022-09-12T13:30:40Z" finished-at="2022-09-12T13:30:45Z">
          <reporter-output>
          </reporter-output>
        </test-method> <!-- startTime -->
        <test-method status="PASS" signature="tc1(java.lang.String, java.lang.String)[pri:-1, instance:org.testing.DataProvide@77caeb3e]" name="tc1" duration-ms="2350" started-at="2022-09-12T13:30:45Z" data-provider="login" finished-at="2022-09-12T13:30:47Z">
          <params>
            <param index="0">
              <value>
                <![CDATA[Dhilip ]]>
              </value>
            </param>
            <param index="1">
              <value>
                <![CDATA[Outy]]>
              </value>
            </param>
          </params>
          <reporter-output>
          </reporter-output>
        </test-method> <!-- tc1 -->
        <test-method status="PASS" signature="startTime()[pri:0, instance:org.testing.DataProvide@77caeb3e]" name="startTime" is-config="true" duration-ms="4730" started-at="2022-09-12T13:30:47Z" finished-at="2022-09-12T13:30:52Z">
          <reporter-output>
          </reporter-output>
        </test-method> <!-- startTime -->
        <test-method status="PASS" signature="endTime()[pri:0, instance:org.testing.DataProvide@77caeb3e]" name="endTime" is-config="true" duration-ms="0" started-at="2022-09-12T13:30:47Z" finished-at="2022-09-12T13:30:47Z">
          <reporter-output>
          </reporter-output>
        </test-method> <!-- endTime -->
        <test-method status="PASS" signature="tc1(java.lang.String, java.lang.String)[pri:-1, instance:org.testing.DataProvide@77caeb3e]" name="tc1" duration-ms="2346" started-at="2022-09-12T13:30:52Z" data-provider="login" finished-at="2022-09-12T13:30:54Z">
          <params>
            <param index="0">
              <value>
                <![CDATA[Arun]]>
              </value>
            </param>
            <param index="1">
              <value>
                <![CDATA[Mathurai]]>
              </value>
            </param>
          </params>
          <reporter-output>
          </reporter-output>
        </test-method> <!-- tc1 -->
        <test-method status="PASS" signature="startTime()[pri:0, instance:org.testing.DataProvide@77caeb3e]" name="startTime" is-config="true" duration-ms="6232" started-at="2022-09-12T13:30:54Z" finished-at="2022-09-12T13:31:01Z">
          <reporter-output>
          </reporter-output>
        </test-method> <!-- startTime -->
        <test-method status="PASS" signature="endTime()[pri:0, instance:org.testing.DataProvide@77caeb3e]" name="endTime" is-config="true" duration-ms="0" started-at="2022-09-12T13:30:54Z" finished-at="2022-09-12T13:30:54Z">
          <reporter-output>
          </reporter-output>
        </test-method> <!-- endTime -->
        <test-method status="PASS" signature="tc1(java.lang.String, java.lang.String)[pri:-1, instance:org.testing.DataProvide@77caeb3e]" name="tc1" duration-ms="2354" started-at="2022-09-12T13:31:01Z" data-provider="login" finished-at="2022-09-12T13:31:03Z">
          <params>
            <param index="0">
              <value>
                <![CDATA[Mohan]]>
              </value>
            </param>
            <param index="1">
              <value>
                <![CDATA[Karour]]>
              </value>
            </param>
          </params>
          <reporter-output>
          </reporter-output>
        </test-method> <!-- tc1 -->
        <test-method status="PASS" signature="endTime()[pri:0, instance:org.testing.DataProvide@77caeb3e]" name="endTime" is-config="true" duration-ms="0" started-at="2022-09-12T13:31:03Z" finished-at="2022-09-12T13:31:03Z">
          <reporter-output>
          </reporter-output>
        </test-method> <!-- endTime -->
        <test-method status="PASS" signature="browserClose()[pri:0, instance:org.testing.DataProvide@77caeb3e]" name="browserClose" is-config="true" duration-ms="2460" started-at="2022-09-12T13:31:03Z" finished-at="2022-09-12T13:31:05Z">
          <reporter-output>
          </reporter-output>
        </test-method> <!-- browserClose -->
      </class> <!-- org.testing.DataProvide -->
    </test> <!-- Default test -->
  </suite> <!-- Default suite -->
</testng-results>
