<?xml version="1.0" encoding="UTF-8"?>
<!-- Generated by org.testng.reporters.JUnitXMLReporter -->
<testsuite hostname="LAPTOP-FKESUHFA" name="Default test" tests="4" failures="0" timestamp="12 Sep 2022 08:01:06 GMT" time="38.465" errors="0">
  <testcase name="tc1" time="2.383" classname="org.testing.DataProvide"/>
  <testcase name="tc1" time="2.35" classname="org.testing.DataProvide"/>
  <testcase name="tc1" time="2.346" classname="org.testing.DataProvide"/>
  <testcase name="tc1" time="2.354" classname="org.testing.DataProvide"/>
</testsuite> <!-- Default test -->
